<?xml version="1.0" encoding="UTF-8"?>
<!-- Generated by org.testng.reporters.JUnitReportReporter -->
<testsuite hostname="ADMINRG-5P4SOQB" name="com.qatwittter.testCases.VerifyTwitLoginPage" tests="1" failures="0" timestamp="21 Jan 2018 15:25:49 GMT" time="19.208" errors="0">
  <testcase name="verifyValidTwitLoginpage" time="19.208" classname="com.qatwittter.testCases.VerifyTwitLoginPage"/>
</testsuite> <!-- com.qatwittter.testCases.VerifyTwitLoginPage -->
